[raw.githubusercontent.com/BlacketWare/Dumps/refs/heads/master/circulet/static/media/favicon.png]
[backblue.gif]
[fade.gif]
[index.html]
[kit-pro.fontawesome.com/releases/v6.4.0/css/pro.min.css]
[files.catbox.moe/rybwg5.png]
[circulet.glitch.me/index.html]
[raw.githubusercontent.com/BlacketWare/Dumps/refs/heads/master/circulet/static/media/circlesBackground.png]
[circulet.glitch.me/style.css]
[kit-pro.fontawesome.com/releases/v6.4.0/css/pro.min.css]
[circulet.glitch.me/signup.html]
[circulet.glitch.me/login.html]
[circulet.glitch.me/stats.html]
[circulet.glitch.me/inventory.html]
[files.catbox.moe/rasyou.png]
[circulet.glitch.me/shop.html]
[circulet.glitch.me/leaderboard.html]
[circulet.glitch.me/settings.html]
[circulet.glitch.me/news.html]
[circulet.glitch.me/change/name.html]
[circulet.glitch.me/login-2.html]
